<?xml version="1.0" encoding="UTF-8"?>
<!-- Generated by org.testng.reporters.JUnitReportReporter -->
<testsuite hostname="PRIYA_SHABU" failures="0" tests="1" name="testpkg.Demo" time="22.219" errors="0" timestamp="2023-11-29T20:04:37 IST" skipped="0">
  <testcase classname="testpkg.Demo" name="test" time="22.219"/>
</testsuite> <!-- testpkg.Demo -->
